<?xml version="1.0" encoding="UTF-8" ?>
<testsuite errors="1" failures="0" hostname="DESKTOP-6Q1LFQ1" name="com.allendowney.javacs.ListClientExampleTest" skipped="0" tests="1" time="0.0" timestamp="2020-04-07T13:03:22">
  <properties>
    <property name="java.vendor" value="Oracle Corporation" />
    <property name="env.IDEA_INITIAL_DIRECTORY" value="C:\Program Files\JetBrains\IntelliJ IDEA Community Edition 2019.3.4\bin" />
    <property name="env.USERDOMAIN_ROAMINGPROFILE" value="DESKTOP-6Q1LFQ1" />
    <property name="sun.java.launcher" value="SUN_STANDARD" />
    <property name="sun.management.compiler" value="HotSpot 64-Bit Tiered Compilers" />
    <property name="env.DriverData" value="C:\Windows\System32\Drivers\DriverData" />
    <property name="os.name" value="Windows 10" />
    <property name="env.COMPUTERNAME" value="DESKTOP-6Q1LFQ1" />
    <property name="env.CommonProgramW6432" value="C:\Program Files\Common Files" />
    <property name="env.ALLUSERSPROFILE" value="C:\ProgramData" />
    <property name="java.vm.specification.vendor" value="Oracle Corporation" />
    <property name="ant.home" value="C:\Program Files\JetBrains\IntelliJ IDEA Community Edition 2019.3.4\lib\ant" />
    <property name="java.runtime.version" value="14+36-1461" />
    <property name="env.HOMEPATH" value="\Users\Kostya" />
    <property name="user.name" value="Kostya" />
    <property name="env.CHROME_RESTART" value="Google Chrome|Произошел сбой Google Chrome. Перезапустить?|LEFT_TO_RIGHT" />
    <property name="user.language" value="ru" />
    <property name="sun.boot.library.path" value="C:\Program Files\Java\jdk-14\bin" />
    <property name="ant.project.default-target" value="build" />
    <property name="ant.project.name" value="JavaCS" />
    <property name="java.vm.compressedOopsMode" value="32-bit" />
    <property name="java.version" value="14" />
    <property name="env.PROCESSOR_IDENTIFIER" value="Intel64 Family 6 Model 58 Stepping 9, GenuineIntel" />
    <property name="env.TEMP" value="C:\Users\Kostya\AppData\Local\Temp" />
    <property name="sun.arch.data.model" value="64" />
    <property name="sun.cpu.isalist" value="amd64" />
    <property name="env.HOMEDRIVE" value="C:" />
    <property name="sun.jnu.encoding" value="Cp1251" />
    <property name="file.separator" value="\" />
    <property name="java.specification.name" value="Java Platform API Specification" />
    <property name="java.class.version" value="58.0" />
    <property name="user.country" value="RU" />
    <property name="ant.file.JavaCS" value="C:\Users\Kostya\Desktop\Сбертех\JAVA\ThinkDataStructures\code\build.xml" />
    <property name="java.home" value="C:\Program Files\Java\jdk-14" />
    <property name="env.PSModulePath" value="C:\Program Files\WindowsPowerShell\Modules;C:\WINDOWS\system32\WindowsPowerShell\v1.0\Modules" />
    <property name="env.APPDATA" value="C:\Users\Kostya\AppData\Roaming" />
    <property name="java.vm.info" value="mixed mode, sharing" />
    <property name="env.PUBLIC" value="C:\Users\Public" />
    <property name="env.ComSpec" value="C:\WINDOWS\system32\cmd.exe" />
    <property name="env.OS" value="Windows_NT" />
    <property name="env.CommonProgramFiles" value="C:\Program Files\Common Files" />
    <property name="os.version" value="10.0" />
    <property name="ant.file" value="C:\Users\Kostya\Desktop\Сбертех\JAVA\ThinkDataStructures\code\build.xml" />
    <property name="env.ProgramW6432" value="C:\Program Files" />
    <property name="env.=::" value="::\" />
    <property name="path.separator" value=";" />
    <property name="java.vm.version" value="14+36-1461" />
    <property name="env.USERPROFILE" value="C:\Users\Kostya" />
    <property name="user.variant" value="" />
    <property name="ant.library.dir" value="C:\Program Files\JetBrains\IntelliJ IDEA Community Edition 2019.3.4\lib\ant\lib" />
    <property name="junit.output.dir" value="junit" />
    <property name="env.TMP" value="C:\Users\Kostya\AppData\Local\Temp" />
    <property name="sun.io.unicode.encoding" value="UnicodeLittle" />
    <property name="env.CHROME_CRASHPAD_PIPE_NAME" value="\\.\pipe\crashpad_4936_UNVMSOOHHCLIRWRJ" />
    <property name="user.script" value="" />
    <property name="target" value="1.7" />
    <property name="user.home" value="C:\Users\Kostya" />
    <property name="env.ProgramData" value="C:\ProgramData" />
    <property name="env.ProgramFiles(x86)" value="C:\Program Files (x86)" />
    <property name="env.SESSIONNAME" value="Console" />
    <property name="java.version.date" value="2020-03-17" />
    <property name="java.specification.vendor" value="Oracle Corporation" />
    <property name="env.NUMBER_OF_PROCESSORS" value="4" />
    <property name="java.library.path" value="C:\Program Files\Java\jdk-14\bin;C:\WINDOWS\Sun\Java\bin;C:\WINDOWS\system32;C:\WINDOWS;C:\Program Files (x86)\Google\Chrome\Application;C:\WINDOWS\system32;C:\WINDOWS;C:\WINDOWS\System32\Wbem;C:\WINDOWS\System32\WindowsPowerShell\v1.0\;C:\WINDOWS\System32\OpenSSH\;C:\Users\Kostya\AppData\Local\Microsoft\WindowsApps;;." />
    <property name="java.vendor.url" value="https://java.oracle.com/" />
    <property name="java.vm.vendor" value="Oracle Corporation" />
    <property name="java.runtime.name" value="Java(TM) SE Runtime Environment" />
    <property name="sun.java.command" value="org.apache.tools.ant.taskdefs.optional.junit.JUnitTestRunner com.allendowney.javacs.ListClientExampleTest skipNonTests=false filtertrace=true haltOnError=false haltOnFailure=false formatter=org.apache.tools.ant.taskdefs.optional.junit.OutErrSummaryJUnitResultFormatter showoutput=false outputtoformatters=true logfailedtests=true threadid=0 logtestlistenerevents=false formatter=org.apache.tools.ant.taskdefs.optional.junit.XMLJUnitResultFormatter,C:\Users\Kostya\Desktop\Сбертех\JAVA\ThinkDataStructures\code\junit\TEST-com.allendowney.javacs.ListClientExampleTest.xml crashfile=C:\Users\Kostya\Desktop\Сбертех\JAVA\ThinkDataStructures\code\junitvmwatcher17882513337153695097.properties propsfile=C:\Users\Kostya\Desktop\Сбертех\JAVA\ThinkDataStructures\code\junit15295256925324520120.properties" />
    <property name="java.class.path" value="C:\Users\Kostya\Desktop\Сбертех\JAVA\ThinkDataStructures\code\lib\jedis-2.8.0.jar;C:\Users\Kostya\Desktop\Сбертех\JAVA\ThinkDataStructures\code\lib\jsoup-1.8.3.jar;C:\Users\Kostya\Desktop\Сбертех\JAVA\ThinkDataStructures\code\lib\junit-4.12.jar;C:\Users\Kostya\Desktop\Сбертех\JAVA\ThinkDataStructures\code\lib\hamcrest-core-1.3.jar;C:\Users\Kostya\Desktop\Сбертех\JAVA\ThinkDataStructures\code\lib\jcommon-1.0.23.jar;C:\Users\Kostya\Desktop\Сбертех\JAVA\ThinkDataStructures\code\lib\jfreechart-1.0.19.jar;C:\Users\Kostya\Desktop\Сбертех\JAVA\ThinkDataStructures\code\lib\servlet.jar;C:\Users\Kostya\Desktop\Сбертех\JAVA\ThinkDataStructures\code\lib\ant-junit.jar;C:\Users\Kostya\Desktop\Сбертех\JAVA\ThinkDataStructures\code\lib\commons-math3-3.6.jar;C:\Users\Kostya\Desktop\Сбертех\JAVA\ThinkDataStructures\code\lib\hamcrest-library-1.3.jar;C:\Program Files\JetBrains\IntelliJ IDEA Community Edition 2019.3.4\lib\ant\lib\ant-launcher.jar;C:\Program Files\JetBrains\IntelliJ IDEA Community Edition 2019.3.4\lib\ant\lib\ant.jar;C:\Program Files\JetBrains\IntelliJ IDEA Community Edition 2019.3.4\lib\ant\lib\ant-junit.jar;C:\Program Files\JetBrains\IntelliJ IDEA Community Edition 2019.3.4\lib\ant\lib\ant-junit4.jar" />
    <property name="ant.version" value="Apache Ant(TM) version 1.10.5 compiled on July 10 2018" />
    <property name="jdk.debug" value="release" />
    <property name="ant.file.type.JavaCS" value="file" />
    <property name="java.vm.specification.name" value="Java Virtual Machine Specification" />
    <property name="ant.file.type" value="file" />
    <property name="env.windir" value="C:\WINDOWS" />
    <property name="env.LOGONSERVER" value="\\DESKTOP-6Q1LFQ1" />
    <property name="java.vm.specification.version" value="14" />
    <property name="env.PROCESSOR_ARCHITECTURE" value="AMD64" />
    <property name="sun.cpu.endian" value="little" />
    <property name="sun.os.patch.level" value="" />
    <property name="env.OneDrive" value="C:\Users\Kostya\OneDrive" />
    <property name="debuglevel" value="source,lines,vars" />
    <property name="env.ProgramFiles" value="C:\Program Files" />
    <property name="env.PROCESSOR_REVISION" value="3a09" />
    <property name="java.io.tmpdir" value="C:\Users\Kostya\AppData\Local\Temp\" />
    <property name="env.CommonProgramFiles(x86)" value="C:\Program Files (x86)\Common Files" />
    <property name="java.vendor.url.bug" value="https://bugreport.java.com/bugreport/" />
    <property name="env.OneDriveConsumer" value="C:\Users\Kostya\OneDrive" />
    <property name="env.SystemRoot" value="C:\WINDOWS" />
    <property name="os.arch" value="amd64" />
    <property name="user.dir" value="C:\Users\Kostya\Desktop\Сбертех\JAVA\ThinkDataStructures\code" />
    <property name="env.LOCALAPPDATA" value="C:\Users\Kostya\AppData\Local" />
    <property name="line.separator" value="&#xd;&#xa;" />
    <property name="java.vm.name" value="Java HotSpot(TM) 64-Bit Server VM" />
    <property name="env.PATHEXT" value=".COM;.EXE;.BAT;.CMD;.VBS;.VBE;.JS;.JSE;.WSF;.WSH;.MSC" />
    <property name="env.Path" value="C:\Program Files (x86)\Google\Chrome\Application;C:\WINDOWS\system32;C:\WINDOWS;C:\WINDOWS\System32\Wbem;C:\WINDOWS\System32\WindowsPowerShell\v1.0\;C:\WINDOWS\System32\OpenSSH\;C:\Users\Kostya\AppData\Local\Microsoft\WindowsApps;" />
    <property name="basedir" value="C:\Users\Kostya\Desktop\Сбертех\JAVA\ThinkDataStructures\code" />
    <property name="ant.java.version" value="14" />
    <property name="ant.core.lib" value="C:\Program Files\JetBrains\IntelliJ IDEA Community Edition 2019.3.4\lib\ant\lib\ant.jar" />
    <property name="env.USERNAME" value="Kostya" />
    <property name="env.SystemDrive" value="C:" />
    <property name="source" value="1.7" />
    <property name="file.encoding" value="Cp1251" />
    <property name="env.USERDOMAIN" value="DESKTOP-6Q1LFQ1" />
    <property name="java.specification.version" value="14" />
    <property name="ant.project.invoked-targets" value="ListClientExampleTest" />
    <property name="env.PROCESSOR_LEVEL" value="6" />
  </properties>
  <error message="com.allendowney.javacs.ListClientExampleTest" type="java.lang.ClassNotFoundException">java.lang.ClassNotFoundException: com.allendowney.javacs.ListClientExampleTest
	at java.base/jdk.internal.loader.BuiltinClassLoader.loadClass(BuiltinClassLoader.java:602)
	at java.base/jdk.internal.loader.ClassLoaders$AppClassLoader.loadClass(ClassLoaders.java:178)
	at java.base/java.lang.ClassLoader.loadClass(ClassLoader.java:522)
	at java.base/java.lang.Class.forName0(Native Method)
	at java.base/java.lang.Class.forName(Class.java:340)
</error>
  <system-out><![CDATA[]]></system-out>
  <system-err><![CDATA[]]></system-err>
</testsuite>
